<?xml version="1.0" encoding="UTF-8"?>
<!-- Generated by org.testng.reporters.JUnitReportReporter -->
<testsuite hostname="DESKTOP-TOSMLO0" failures="0" tests="6" name="org.automation.generic_utilities.DataProviderClass" time="0.017" errors="0" timestamp="2024-07-30T23:42:46 IST" skipped="0">
  <testcase classname="org.automation.generic_utilities.DataProviderClass" name="test" time="0.001"/>
  <testcase classname="org.automation.generic_utilities.DataProviderClass" name="test" time="0.001"/>
  <testcase classname="org.automation.generic_utilities.DataProviderClass" name="test" time="0.001"/>
  <testcase classname="org.automation.generic_utilities.DataProviderClass" name="test" time="0.011"/>
  <testcase classname="org.automation.generic_utilities.DataProviderClass" name="test" time="0.001"/>
  <testcase classname="org.automation.generic_utilities.DataProviderClass" name="test" time="0.002"/>
</testsuite> <!-- org.automation.generic_utilities.DataProviderClass -->
