<?xml version="1.0" encoding="UTF-8"?>
<!-- Generated by org.testng.reporters.JUnitReportReporter -->
<testsuite hostname="DESKTOP-TOSMLO0" failures="0" tests="1" name="com.automation.batchexecutionscripts.Hayabusa" time="3.613" errors="0" timestamp="2024-08-24T05:54:47 IST" skipped="0">
  <testcase classname="com.automation.batchexecutionscripts.Hayabusa" name="hayabusa" time="3.613"/>
</testsuite> <!-- com.automation.batchexecutionscripts.Hayabusa -->
