<?xml version="1.0" encoding="UTF-8"?>
<!-- Generated by org.testng.reporters.JUnitReportReporter -->
<testsuite hostname="DESKTOP-TOSMLO0" failures="0" tests="1" name="com.automation.batchexecutionscripts.BMW" time="2.328" errors="0" timestamp="2024-08-24T05:54:47 IST" skipped="0">
  <testcase classname="com.automation.batchexecutionscripts.BMW" name="bmw" time="2.328"/>
</testsuite> <!-- com.automation.batchexecutionscripts.BMW -->
